

*******************************************************************************
Sat Apr 27 17:46:16 2019


FIT:    data read from "tBurbuja.dat" using 1:2
        format = x:z
        #datapoints = 10
        residuals are weighted equally (unit weight)

function used for fitting: N(x)
fitted parameters initialized with current variable values



 Iteration 0
 WSSR        : 2.53933e+012      delta(WSSR)/WSSR   : 0
 delta(WSSR) : 0                 limit for stopping : 1e-005
 lambda	  : 290592

initial set of free parameter values

a               = 1
b               = 1
c               = 1

After 9 iterations the fit converged.
final sum of squares of residuals : 0.0172318
rel. change during last iteration : -2.65316e-007

degrees of freedom    (FIT_NDF)                        : 7
rms of residuals      (FIT_STDFIT) = sqrt(WSSR/ndf)    : 0.0496154
variance of residuals (reduced chisquare) = WSSR/ndf   : 0.00246168

Final set of parameters            Asymptotic Standard Error
=======================            ==========================

a               = 6.15109e-006     +/- 2.159e-007   (3.51%)
b               = -0.000826474     +/- 0.0002437    (29.49%)
c               = 0.288171         +/- 0.05836      (20.25%)


correlation matrix of the fit parameters:

               a      b      c      
a               1.000 
b              -0.975  1.000 
c               0.814 -0.909  1.000 


*******************************************************************************
Sat Apr 27 18:36:45 2019


FIT:    data read from "tBurbuja.dat" using 1:2
        format = x:z
        #datapoints = 10
        residuals are weighted equally (unit weight)

function used for fitting: N(x)
fitted parameters initialized with current variable values



 Iteration 0
 WSSR        : 2.53933e+012      delta(WSSR)/WSSR   : 0
 delta(WSSR) : 0                 limit for stopping : 1e-005
 lambda	  : 290592

initial set of free parameter values

a               = 1
b               = 1
c               = 1

After 9 iterations the fit converged.
final sum of squares of residuals : 0.0225399
rel. change during last iteration : -2.22569e-007

degrees of freedom    (FIT_NDF)                        : 7
rms of residuals      (FIT_STDFIT) = sqrt(WSSR/ndf)    : 0.0567449
variance of residuals (reduced chisquare) = WSSR/ndf   : 0.00321999

Final set of parameters            Asymptotic Standard Error
=======================            ==========================

a               = 6.16975e-006     +/- 2.47e-007    (4.003%)
b               = -0.000824146     +/- 0.0002787    (33.82%)
c               = 0.254527         +/- 0.06674      (26.22%)


correlation matrix of the fit parameters:

               a      b      c      
a               1.000 
b              -0.975  1.000 
c               0.814 -0.909  1.000 


*******************************************************************************
Sat Apr 27 18:37:01 2019


FIT:    data read from "tInsercion.dat" using 1:2
        format = x:z
        #datapoints = 10
        residuals are weighted equally (unit weight)

function used for fitting: N(x)
fitted parameters initialized with current variable values



 Iteration 0
 WSSR        : 2.53935e+012      delta(WSSR)/WSSR   : 0
 delta(WSSR) : 0                 limit for stopping : 1e-005
 lambda	  : 290592

initial set of free parameter values

a               = 1
b               = 1
c               = 1

After 9 iterations the fit converged.
final sum of squares of residuals : 0.0191157
rel. change during last iteration : -3.22008e-007

degrees of freedom    (FIT_NDF)                        : 7
rms of residuals      (FIT_STDFIT) = sqrt(WSSR/ndf)    : 0.0522572
variance of residuals (reduced chisquare) = WSSR/ndf   : 0.00273081

Final set of parameters            Asymptotic Standard Error
=======================            ==========================

a               = 1.78036e-006     +/- 2.274e-007   (12.77%)
b               = -0.00027783      +/- 0.0002567    (92.39%)
c               = 0.174653         +/- 0.06146      (35.19%)


correlation matrix of the fit parameters:

               a      b      c      
a               1.000 
b              -0.975  1.000 
c               0.814 -0.909  1.000 


*******************************************************************************
Sat Apr 27 18:37:11 2019


FIT:    data read from "tSeleccion.dat" using 1:2
        format = x:z
        #datapoints = 10
        residuals are weighted equally (unit weight)

function used for fitting: N(x)
fitted parameters initialized with current variable values



 Iteration 0
 WSSR        : 2.53935e+012      delta(WSSR)/WSSR   : 0
 delta(WSSR) : 0                 limit for stopping : 1e-005
 lambda	  : 290592

initial set of free parameter values

a               = 1
b               = 1
c               = 1

After 9 iterations the fit converged.
final sum of squares of residuals : 0.00100057
rel. change during last iteration : -7.59956e-006

degrees of freedom    (FIT_NDF)                        : 7
rms of residuals      (FIT_STDFIT) = sqrt(WSSR/ndf)    : 0.0119557
variance of residuals (reduced chisquare) = WSSR/ndf   : 0.000142939

Final set of parameters            Asymptotic Standard Error
=======================            ==========================

a               = 2.90515e-006     +/- 5.203e-008   (1.791%)
b               = -0.000176114     +/- 5.873e-005   (33.35%)
c               = 0.083093         +/- 0.01406      (16.92%)


correlation matrix of the fit parameters:

               a      b      c      
a               1.000 
b              -0.975  1.000 
c               0.814 -0.909  1.000 


*******************************************************************************
Mon Apr 29 19:14:17 2019


FIT:    data read from "tBurbuja.dat" using 1:2
        format = x:z
        #datapoints = 10
        residuals are weighted equally (unit weight)

function used for fitting: N(x)
	N(x) = a*x*x + b*x + c
fitted parameters initialized with current variable values

iter      chisq       delta/lim  lambda   a             b             c            
   0 2.5393524749e+12  0.00e+00 2.91e+05  1.000000e+00  1.000000e+00  1.000000e+00
  10 8.5057178982e-04 -1.30e-09 2.91e-05  1.779335e-06  7.689041e-06  1.762157e-03

After 10 iterations the fit converged.
final sum of squares of residuals : 0.000850572
rel. change during last iteration : -1.30017e-014

degrees of freedom    (FIT_NDF)                        : 7
rms of residuals      (FIT_STDFIT) = sqrt(WSSR/ndf)    : 0.0110232
variance of residuals (reduced chisquare) = WSSR/ndf   : 0.00012151

Final set of parameters            Asymptotic Standard Error
=======================            ==========================
a               = 1.77934e-006     +/- 4.797e-008   (2.696%)
b               = 7.68904e-006     +/- 5.415e-005   (704.2%)
c               = 0.00176216       +/- 0.01296      (735.7%)

correlation matrix of the fit parameters:
                a      b      c      
a               1.000 
b              -0.975  1.000 
c               0.814 -0.909  1.000 


*******************************************************************************
Mon Apr 29 19:14:25 2019


FIT:    data read from "tInsercion.dat" using 1:2
        format = x:z
        #datapoints = 10
        residuals are weighted equally (unit weight)

function used for fitting: N(x)
	N(x) = a*x*x + b*x + c
fitted parameters initialized with current variable values

iter      chisq       delta/lim  lambda   a             b             c            
   0 2.5393584083e+12  0.00e+00 2.91e+05  1.000000e+00  1.000000e+00  1.000000e+00
  10 1.5036566492e-04 -4.87e-10 2.91e-05  6.442641e-07 -2.536843e-05  4.967048e-03

After 10 iterations the fit converged.
final sum of squares of residuals : 0.000150366
rel. change during last iteration : -4.86705e-015

degrees of freedom    (FIT_NDF)                        : 7
rms of residuals      (FIT_STDFIT) = sqrt(WSSR/ndf)    : 0.00463474
variance of residuals (reduced chisquare) = WSSR/ndf   : 2.14808e-005

Final set of parameters            Asymptotic Standard Error
=======================            ==========================
a               = 6.44264e-007     +/- 2.017e-008   (3.131%)
b               = -2.53684e-005    +/- 2.277e-005   (89.74%)
c               = 0.00496705       +/- 0.005451     (109.7%)

correlation matrix of the fit parameters:
                a      b      c      
a               1.000 
b              -0.975  1.000 
c               0.814 -0.909  1.000 


*******************************************************************************
Wed May 01 16:38:35 2019


FIT:    data read from "tBurbuja.dat" using 1:2
        format = x:z
        #datapoints = 10
        residuals are weighted equally (unit weight)

function used for fitting: N(x)
fitted parameters initialized with current variable values



 Iteration 0
 WSSR        : 2.53933e+012      delta(WSSR)/WSSR   : 0
 delta(WSSR) : 0                 limit for stopping : 1e-005
 lambda	  : 290592

initial set of free parameter values

a               = 1
b               = 1
c               = 1

After 9 iterations the fit converged.
final sum of squares of residuals : 0.0137812
rel. change during last iteration : -3.73009e-007

degrees of freedom    (FIT_NDF)                        : 7
rms of residuals      (FIT_STDFIT) = sqrt(WSSR/ndf)    : 0.0443706
variance of residuals (reduced chisquare) = WSSR/ndf   : 0.00196875

Final set of parameters            Asymptotic Standard Error
=======================            ==========================

a               = 6.07724e-006     +/- 1.931e-007   (3.177%)
b               = -0.000714632     +/- 0.000218     (30.5%)
c               = 0.245428         +/- 0.05219      (21.26%)


correlation matrix of the fit parameters:

               a      b      c      
a               1.000 
b              -0.975  1.000 
c               0.814 -0.909  1.000 


*******************************************************************************
Wed May 01 16:43:21 2019


FIT:    data read from "tInsercion.dat" using 1:2
        format = x:z
        #datapoints = 10
        residuals are weighted equally (unit weight)

function used for fitting: N(x)
fitted parameters initialized with current variable values



 Iteration 0
 WSSR        : 2.53935e+012      delta(WSSR)/WSSR   : 0
 delta(WSSR) : 0                 limit for stopping : 1e-005
 lambda	  : 290592

initial set of free parameter values

a               = 1
b               = 1
c               = 1

After 9 iterations the fit converged.
final sum of squares of residuals : 0.0174445
rel. change during last iteration : -3.51467e-007

degrees of freedom    (FIT_NDF)                        : 7
rms of residuals      (FIT_STDFIT) = sqrt(WSSR/ndf)    : 0.0499207
variance of residuals (reduced chisquare) = WSSR/ndf   : 0.00249208

Final set of parameters            Asymptotic Standard Error
=======================            ==========================

a               = 1.86505e-006     +/- 2.173e-007   (11.65%)
b               = -0.000323131     +/- 0.0002452    (75.89%)
c               = 0.176271         +/- 0.05871      (33.31%)


correlation matrix of the fit parameters:

               a      b      c      
a               1.000 
b              -0.975  1.000 
c               0.814 -0.909  1.000 


*******************************************************************************
Wed May 01 16:44:41 2019


FIT:    data read from "tSeleccion.dat" using 1:2
        format = x:z
        #datapoints = 10
        residuals are weighted equally (unit weight)

function used for fitting: N(x)
fitted parameters initialized with current variable values



 Iteration 0
 WSSR        : 2.53935e+012      delta(WSSR)/WSSR   : 0
 delta(WSSR) : 0                 limit for stopping : 1e-005
 lambda	  : 290592

initial set of free parameter values

a               = 1
b               = 1
c               = 1

After 9 iterations the fit converged.
final sum of squares of residuals : 0.0206798
rel. change during last iteration : -2.6561e-007

degrees of freedom    (FIT_NDF)                        : 7
rms of residuals      (FIT_STDFIT) = sqrt(WSSR/ndf)    : 0.0543531
variance of residuals (reduced chisquare) = WSSR/ndf   : 0.00295426

Final set of parameters            Asymptotic Standard Error
=======================            ==========================

a               = 3.1044e-006      +/- 2.365e-007   (7.62%)
b               = -0.000497764     +/- 0.000267     (53.64%)
c               = 0.220133         +/- 0.06393      (29.04%)


correlation matrix of the fit parameters:

               a      b      c      
a               1.000 
b              -0.975  1.000 
c               0.814 -0.909  1.000 


*******************************************************************************
Wed May 01 17:51:52 2019


FIT:    data read from "tBurbuja.dat" using 1:2
        format = x:z
        #datapoints = 10
        residuals are weighted equally (unit weight)

function used for fitting: N(x)
fitted parameters initialized with current variable values



 Iteration 0
 WSSR        : 2.53933e+012      delta(WSSR)/WSSR   : 0
 delta(WSSR) : 0                 limit for stopping : 1e-005
 lambda	  : 290592

initial set of free parameter values

a               = 1
b               = 1
c               = 1

After 9 iterations the fit converged.
final sum of squares of residuals : 0.00756567
rel. change during last iteration : -6.0811e-007

degrees of freedom    (FIT_NDF)                        : 7
rms of residuals      (FIT_STDFIT) = sqrt(WSSR/ndf)    : 0.0328757
variance of residuals (reduced chisquare) = WSSR/ndf   : 0.00108081

Final set of parameters            Asymptotic Standard Error
=======================            ==========================

a               = 6.28642e-006     +/- 1.431e-007   (2.276%)
b               = -0.000928167     +/- 0.0001615    (17.4%)
c               = 0.285937         +/- 0.03867      (13.52%)


correlation matrix of the fit parameters:

               a      b      c      
a               1.000 
b              -0.975  1.000 
c               0.814 -0.909  1.000 


*******************************************************************************
Fri May 03 19:37:48 2019


FIT:    data read from "tSeleccion.dat" using 1:2
        format = x:z
        #datapoints = 10
        residuals are weighted equally (unit weight)

function used for fitting: N(x)
fitted parameters initialized with current variable values



 Iteration 0
 WSSR        : 2.53935e+012      delta(WSSR)/WSSR   : 0
 delta(WSSR) : 0                 limit for stopping : 1e-005
 lambda	  : 290592

initial set of free parameter values

a               = 1
b               = 1
c               = 1

After 10 iterations the fit converged.
final sum of squares of residuals : 1.63169e-005
rel. change during last iteration : -3.44691e-014

degrees of freedom    (FIT_NDF)                        : 7
rms of residuals      (FIT_STDFIT) = sqrt(WSSR/ndf)    : 0.00152676
variance of residuals (reduced chisquare) = WSSR/ndf   : 2.33099e-006

Final set of parameters            Asymptotic Standard Error
=======================            ==========================

a               = 1.36677e-006     +/- 6.644e-009   (0.4861%)
b               = 5.54098e-005     +/- 7.5e-006     (13.53%)
c               = -0.00420173      +/- 0.001796     (42.74%)


correlation matrix of the fit parameters:

               a      b      c      
a               1.000 
b              -0.975  1.000 
c               0.814 -0.909  1.000 


*******************************************************************************
Fri May 03 19:40:55 2019


FIT:    data read from "tSeleccion.dat" using 1:2
        format = x:z
        #datapoints = 10
        residuals are weighted equally (unit weight)

function used for fitting: N(x)
fitted parameters initialized with current variable values



 Iteration 0
 WSSR        : 2.53935e+012      delta(WSSR)/WSSR   : 0
 delta(WSSR) : 0                 limit for stopping : 1e-005
 lambda	  : 290592

initial set of free parameter values

a               = 1
b               = 1
c               = 1

After 10 iterations the fit converged.
final sum of squares of residuals : 5.97126e-006
rel. change during last iteration : -1.67952e-013

degrees of freedom    (FIT_NDF)                        : 7
rms of residuals      (FIT_STDFIT) = sqrt(WSSR/ndf)    : 0.0009236
variance of residuals (reduced chisquare) = WSSR/ndf   : 8.53038e-007

Final set of parameters            Asymptotic Standard Error
=======================            ==========================

a               = 1.36491e-006     +/- 4.019e-009   (0.2945%)
b               = 5.79741e-005     +/- 4.537e-006   (7.826%)
c               = -0.00504258      +/- 0.001086     (21.54%)


correlation matrix of the fit parameters:

               a      b      c      
a               1.000 
b              -0.975  1.000 
c               0.814 -0.909  1.000 


*******************************************************************************
Sat May 11 16:54:48 2019


FIT:    data read from "tSecuencialI.dat" using 1:2
        format = x:z
        #datapoints = 10
        residuals are weighted equally (unit weight)

function used for fitting: N(x)
fitted parameters initialized with current variable values



 Iteration 0
 WSSR        : 851.01            delta(WSSR)/WSSR   : 0
 delta(WSSR) : 0                 limit for stopping : 1e-005
 lambda	  : 6.01455

initial set of free parameter values

a               = 1
b               = 1

After 5 iterations the fit converged.
final sum of squares of residuals : 128.632
rel. change during last iteration : -1.38827e-009

degrees of freedom    (FIT_NDF)                        : 8
rms of residuals      (FIT_STDFIT) = sqrt(WSSR/ndf)    : 4.00987
variance of residuals (reduced chisquare) = WSSR/ndf   : 16.079

Final set of parameters            Asymptotic Standard Error
=======================            ==========================

a               = 9.92236          +/- 1.823        (18.38%)
b               = -68.3016         +/- 15.4         (22.55%)


correlation matrix of the fit parameters:

               a      b      
a               1.000 
b              -0.997  1.000 


*******************************************************************************
Sat May 11 17:02:55 2019


FIT:    data read from "tSecuencialI.dat" using 1:2
        format = x:z
        #datapoints = 10
        residuals are weighted equally (unit weight)

function used for fitting: N(x)
fitted parameters initialized with current variable values



 Iteration 0
 WSSR        : 1485.1            delta(WSSR)/WSSR   : 0
 delta(WSSR) : 0                 limit for stopping : 1e-005
 lambda	  : 6.01455

initial set of free parameter values

a               = 1
b               = 1

After 5 iterations the fit converged.
final sum of squares of residuals : 318.553
rel. change during last iteration : -8.64722e-010

degrees of freedom    (FIT_NDF)                        : 8
rms of residuals      (FIT_STDFIT) = sqrt(WSSR/ndf)    : 6.31024
variance of residuals (reduced chisquare) = WSSR/ndf   : 39.8191

Final set of parameters            Asymptotic Standard Error
=======================            ==========================

a               = 12.1197          +/- 2.87         (23.68%)
b               = -85.0673         +/- 24.24        (28.49%)


correlation matrix of the fit parameters:

               a      b      
a               1.000 
b              -0.997  1.000 


*******************************************************************************
Sat May 11 17:06:47 2019


FIT:    data read from "tSecuencialI.dat" using 1:2
        format = x:z
        #datapoints = 10
        residuals are weighted equally (unit weight)

function used for fitting: N(x)
fitted parameters initialized with current variable values



 Iteration 0
 WSSR        : 844.351           delta(WSSR)/WSSR   : 0
 delta(WSSR) : 0                 limit for stopping : 1e-005
 lambda	  : 6.01455

initial set of free parameter values

a               = 1
b               = 1

After 5 iterations the fit converged.
final sum of squares of residuals : 38.2219
rel. change during last iteration : -2.72956e-009

degrees of freedom    (FIT_NDF)                        : 8
rms of residuals      (FIT_STDFIT) = sqrt(WSSR/ndf)    : 2.1858
variance of residuals (reduced chisquare) = WSSR/ndf   : 4.77774

Final set of parameters            Asymptotic Standard Error
=======================            ==========================

a               = 8.17416          +/- 0.994        (12.16%)
b               = -51.9287         +/- 8.396        (16.17%)


correlation matrix of the fit parameters:

               a      b      
a               1.000 
b              -0.997  1.000 


*******************************************************************************
Sat May 11 17:09:06 2019


FIT:    data read from "tBinariaR.dat" using 1:2
        format = x:z
        #datapoints = 10
        residuals are weighted equally (unit weight)

function used for fitting: N(x)
fitted parameters initialized with current variable values



 Iteration 0
 WSSR        : 586.52            delta(WSSR)/WSSR   : 0
 delta(WSSR) : 0                 limit for stopping : 1e-005
 lambda	  : 6.01455

initial set of free parameter values

a               = 1
b               = 1

After 5 iterations the fit converged.
final sum of squares of residuals : 0.270562
rel. change during last iteration : -8.28278e-010

degrees of freedom    (FIT_NDF)                        : 8
rms of residuals      (FIT_STDFIT) = sqrt(WSSR/ndf)    : 0.183903
variance of residuals (reduced chisquare) = WSSR/ndf   : 0.0338202

Final set of parameters            Asymptotic Standard Error
=======================            ==========================

a               = 0.39635          +/- 0.08363      (21.1%)
b               = -1.56353         +/- 0.7064       (45.18%)


correlation matrix of the fit parameters:

               a      b      
a               1.000 
b              -0.997  1.000 


*******************************************************************************
Sat May 11 17:38:59 2019


FIT:    data read from "tBinariaR.dat" using 1:2
        format = x:z
        #datapoints = 10
        residuals are weighted equally (unit weight)

function used for fitting: N(x)
fitted parameters initialized with current variable values



 Iteration 0
 WSSR        : 579.699           delta(WSSR)/WSSR   : 0
 delta(WSSR) : 0                 limit for stopping : 1e-005
 lambda	  : 6.01455

initial set of free parameter values

a               = 1
b               = 1

After 5 iterations the fit converged.
final sum of squares of residuals : 1.50402
rel. change during last iteration : -3.07772e-010

degrees of freedom    (FIT_NDF)                        : 8
rms of residuals      (FIT_STDFIT) = sqrt(WSSR/ndf)    : 0.433593
variance of residuals (reduced chisquare) = WSSR/ndf   : 0.188003

Final set of parameters            Asymptotic Standard Error
=======================            ==========================

a               = 0.529661         +/- 0.1972       (37.23%)
b               = -2.63747         +/- 1.665        (63.15%)


correlation matrix of the fit parameters:

               a      b      
a               1.000 
b              -0.997  1.000 


*******************************************************************************
Sat May 11 19:40:06 2019


FIT:    data read from "tSecuencialI.dat" using 1:2
        format = x:z
        #datapoints = 10
        residuals are weighted equally (unit weight)

function used for fitting: N(x)
fitted parameters initialized with current variable values



 Iteration 0
 WSSR        : 3.82324e+008      delta(WSSR)/WSSR   : 0
 delta(WSSR) : 0                 limit for stopping : 1e-005
 lambda	  : 4387.48

initial set of free parameter values

a               = 1
b               = 1

After 7 iterations the fit converged.
final sum of squares of residuals : 302.397
rel. change during last iteration : -3.96431e-010

degrees of freedom    (FIT_NDF)                        : 8
rms of residuals      (FIT_STDFIT) = sqrt(WSSR/ndf)    : 6.14814
variance of residuals (reduced chisquare) = WSSR/ndf   : 37.7996

Final set of parameters            Asymptotic Standard Error
=======================            ==========================

a               = 0.00297356       +/- 0.0006769    (22.76%)
b               = 4.5568           +/- 4.2          (92.17%)


correlation matrix of the fit parameters:

               a      b      
a               1.000 
b              -0.886  1.000 


*******************************************************************************
Sat May 11 19:43:00 2019


FIT:    data read from "tBinariaR.dat" using 1:2
        format = x:z
        #datapoints = 10
        residuals are weighted equally (unit weight)

function used for fitting: N(x)
fitted parameters initialized with current variable values



 Iteration 0
 WSSR        : 519.134           delta(WSSR)/WSSR   : 0
 delta(WSSR) : 0                 limit for stopping : 1e-005
 lambda	  : 6.01455

initial set of free parameter values

a               = 1
b               = 1

After 5 iterations the fit converged.
final sum of squares of residuals : 5.27356
rel. change during last iteration : -5.1167e-011

degrees of freedom    (FIT_NDF)                        : 8
rms of residuals      (FIT_STDFIT) = sqrt(WSSR/ndf)    : 0.811908
variance of residuals (reduced chisquare) = WSSR/ndf   : 0.659195

Final set of parameters            Asymptotic Standard Error
=======================            ==========================

a               = 0.481673         +/- 0.3692       (76.65%)
b               = -1.79596         +/- 3.119        (173.6%)


correlation matrix of the fit parameters:

               a      b      
a               1.000 
b              -0.997  1.000 


*******************************************************************************
Sat May 11 19:45:08 2019


FIT:    data read from "tTernariaR.dat" using 1:2
        format = x:z
        #datapoints = 10
        residuals are weighted equally (unit weight)

function used for fitting: N(x)
fitted parameters initialized with current variable values



 Iteration 0
 WSSR        : 573.863           delta(WSSR)/WSSR   : 0
 delta(WSSR) : 0                 limit for stopping : 1e-005
 lambda	  : 6.01455

initial set of free parameter values

a               = 1
b               = 1

After 5 iterations the fit converged.
final sum of squares of residuals : 0.374696
rel. change during last iteration : -6.84699e-010

degrees of freedom    (FIT_NDF)                        : 8
rms of residuals      (FIT_STDFIT) = sqrt(WSSR/ndf)    : 0.216419
variance of residuals (reduced chisquare) = WSSR/ndf   : 0.046837

Final set of parameters            Asymptotic Standard Error
=======================            ==========================

a               = 0.426475         +/- 0.09841      (23.08%)
b               = -1.73435         +/- 0.8313       (47.93%)


correlation matrix of the fit parameters:

               a      b      
a               1.000 
b              -0.997  1.000 


*******************************************************************************
Mon May 13 11:00:31 2019


FIT:    data read from "tSecuencialI.dat" using 1:2
        format = x:z
        #datapoints = 10
        residuals are weighted equally (unit weight)

function used for fitting: N(x)
	N(x) = a*x + b
fitted parameters initialized with current variable values

iter      chisq       delta/lim  lambda   a             b            
   0 3.8427163918e+08  0.00e+00 4.39e+03  1.000000e+00  1.000000e+00
   7 2.6330345497e+01 -3.17e-06 4.39e-04  9.888173e-04  7.031167e-01

After 7 iterations the fit converged.
final sum of squares of residuals : 26.3303
rel. change during last iteration : -3.16874e-011

degrees of freedom    (FIT_NDF)                        : 8
rms of residuals      (FIT_STDFIT) = sqrt(WSSR/ndf)    : 1.81419
variance of residuals (reduced chisquare) = WSSR/ndf   : 3.29129

Final set of parameters            Asymptotic Standard Error
=======================            ==========================
a               = 0.000988817      +/- 0.0001997    (20.2%)
b               = 0.703117         +/- 1.239        (176.3%)

correlation matrix of the fit parameters:
                a      b      
a               1.000 
b              -0.886  1.000 


*******************************************************************************
Mon May 13 19:10:45 2019


FIT:    data read from "tSecuencialI.dat" using 1:2
        format = x:z
        #datapoints = 10
        residuals are weighted equally (unit weight)

function used for fitting: N(x)
	N(x) = a*x + b
fitted parameters initialized with current variable values

iter      chisq       delta/lim  lambda   a             b            
   0 3.8400419147e+08  0.00e+00 4.39e+03  1.000000e+00  1.000000e+00
   6 3.2038302733e+01 -6.08e-01 4.39e-03  1.312537e-03  8.711995e-01

After 6 iterations the fit converged.
final sum of squares of residuals : 32.0383
rel. change during last iteration : -6.07794e-006

degrees of freedom    (FIT_NDF)                        : 8
rms of residuals      (FIT_STDFIT) = sqrt(WSSR/ndf)    : 2.0012
variance of residuals (reduced chisquare) = WSSR/ndf   : 4.00479

Final set of parameters            Asymptotic Standard Error
=======================            ==========================
a               = 0.00131254       +/- 0.0002203    (16.79%)
b               = 0.871199         +/- 1.367        (156.9%)

correlation matrix of the fit parameters:
                a      b      
a               1.000 
b              -0.886  1.000 


*******************************************************************************
Mon May 13 19:15:28 2019


FIT:    data read from "tSecuencialI.dat" using 1:2
        format = x:z
        #datapoints = 10
        residuals are weighted equally (unit weight)

function used for fitting: N(x)
	N(x) = a*x + b
fitted parameters initialized with current variable values

iter      chisq       delta/lim  lambda   a             b            
   0 3.8420434002e+08  0.00e+00 4.39e+03  1.000000e+00  1.000000e+00
   7 2.1989099128e+01 -1.04e-06 4.39e-04  1.056147e-03  8.441867e-01

After 7 iterations the fit converged.
final sum of squares of residuals : 21.9891
rel. change during last iteration : -1.04422e-011

degrees of freedom    (FIT_NDF)                        : 8
rms of residuals      (FIT_STDFIT) = sqrt(WSSR/ndf)    : 1.6579
variance of residuals (reduced chisquare) = WSSR/ndf   : 2.74864

Final set of parameters            Asymptotic Standard Error
=======================            ==========================
a               = 0.00105615       +/- 0.0001825    (17.28%)
b               = 0.844187         +/- 1.133        (134.2%)

correlation matrix of the fit parameters:
                a      b      
a               1.000 
b              -0.886  1.000 


*******************************************************************************
Mon May 13 19:31:35 2019


FIT:    data read from "tBinariaR.dat" using 1:2
        format = x:z
        #datapoints = 10
        residuals are weighted equally (unit weight)

function used for fitting: Funcion(x)
	Funcion(x) = a*log(x) + b
fitted parameters initialized with current variable values

iter      chisq       delta/lim  lambda   a             b            
   0 8.6668153746e+02  0.00e+00 6.01e+00  1.000000e+00  1.000000e+00
   5 3.0487813149e-03 -1.09e-03 6.01e-05  2.491249e-02 -7.635086e-02

After 5 iterations the fit converged.
final sum of squares of residuals : 0.00304878
rel. change during last iteration : -1.09352e-008

degrees of freedom    (FIT_NDF)                        : 8
rms of residuals      (FIT_STDFIT) = sqrt(WSSR/ndf)    : 0.0195217
variance of residuals (reduced chisquare) = WSSR/ndf   : 0.000381098

Final set of parameters            Asymptotic Standard Error
=======================            ==========================
a               = 0.0249125        +/- 0.008877     (35.63%)
b               = -0.0763509       +/- 0.07499      (98.21%)

correlation matrix of the fit parameters:
                a      b      
a               1.000 
b              -0.997  1.000 


*******************************************************************************
Mon May 13 19:32:18 2019


FIT:    data read from "tSecuencialI.dat" using 1:2
        format = x:z
        #datapoints = 10
        residuals are weighted equally (unit weight)

function used for fitting: Funcion(x)
	Funcion(x) = a*x + b
fitted parameters initialized with current variable values

iter      chisq       delta/lim  lambda   a             b            
   0 3.8430184636e+08  0.00e+00 4.39e+03  1.000000e+00  1.000000e+00
   7 9.4331322338e+00 -4.08e-06 4.39e-04  9.359292e-04  7.983133e-01

After 7 iterations the fit converged.
final sum of squares of residuals : 9.43313
rel. change during last iteration : -4.08022e-011

degrees of freedom    (FIT_NDF)                        : 8
rms of residuals      (FIT_STDFIT) = sqrt(WSSR/ndf)    : 1.08588
variance of residuals (reduced chisquare) = WSSR/ndf   : 1.17914

Final set of parameters            Asymptotic Standard Error
=======================            ==========================
a               = 0.000935929      +/- 0.0001196    (12.77%)
b               = 0.798313         +/- 0.7418       (92.92%)

correlation matrix of the fit parameters:
                a      b      
a               1.000 
b              -0.886  1.000 


*******************************************************************************
Mon May 13 19:41:10 2019


FIT:    data read from "tBinariaR.dat" using 1:2
        format = x:z
        #datapoints = 10
        residuals are weighted equally (unit weight)

function used for fitting: Funcion(x)
	Funcion(x) = a*log(x) + b
fitted parameters initialized with current variable values

iter      chisq       delta/lim  lambda   a             b            
   0 8.5341043624e+02  0.00e+00 6.01e+00  1.000000e+00  1.000000e+00
   5 2.7474122766e-02 -1.97e-04 6.01e-05  6.384590e-02 -3.341764e-01

After 5 iterations the fit converged.
final sum of squares of residuals : 0.0274741
rel. change during last iteration : -1.96642e-009

degrees of freedom    (FIT_NDF)                        : 8
rms of residuals      (FIT_STDFIT) = sqrt(WSSR/ndf)    : 0.0586026
variance of residuals (reduced chisquare) = WSSR/ndf   : 0.00343427

Final set of parameters            Asymptotic Standard Error
=======================            ==========================
a               = 0.0638459        +/- 0.02665      (41.74%)
b               = -0.334176        +/- 0.2251       (67.36%)

correlation matrix of the fit parameters:
                a      b      
a               1.000 
b              -0.997  1.000 


*******************************************************************************
Mon May 13 19:45:44 2019


FIT:    data read from "tSecuencialI.dat" using 1:2
        format = x:z
        #datapoints = 10
        residuals are weighted equally (unit weight)

function used for fitting: Funcion(x)
	Funcion(x) = a*x + b
fitted parameters initialized with current variable values

iter      chisq       delta/lim  lambda   a             b            
   0 3.8435237025e+08  0.00e+00 4.39e+03  1.000000e+00  1.000000e+00
   7 7.5137281695e+00 -7.55e-05 4.39e-04  9.520249e-04  2.259269e-01

After 7 iterations the fit converged.
final sum of squares of residuals : 7.51373
rel. change during last iteration : -7.55334e-010

degrees of freedom    (FIT_NDF)                        : 8
rms of residuals      (FIT_STDFIT) = sqrt(WSSR/ndf)    : 0.969132
variance of residuals (reduced chisquare) = WSSR/ndf   : 0.939216

Final set of parameters            Asymptotic Standard Error
=======================            ==========================
a               = 0.000952025      +/- 0.0001067    (11.21%)
b               = 0.225927         +/- 0.662        (293%)

correlation matrix of the fit parameters:
                a      b      
a               1.000 
b              -0.886  1.000 


*******************************************************************************
Mon May 13 19:46:19 2019


FIT:    data read from "tBinariaR.dat" using 1:2
        format = x:z
        #datapoints = 10
        residuals are weighted equally (unit weight)

function used for fitting: Funcion(x)
	Funcion(x) = a*log(x) + b
fitted parameters initialized with current variable values

iter      chisq       delta/lim  lambda   a             b            
   0 8.6921386531e+02  0.00e+00 6.01e+00  1.000000e+00  1.000000e+00
   5 1.8035810484e-03 -1.90e-03 6.01e-05  2.478556e-02 -8.890950e-02

After 5 iterations the fit converged.
final sum of squares of residuals : 0.00180358
rel. change during last iteration : -1.89705e-008

degrees of freedom    (FIT_NDF)                        : 8
rms of residuals      (FIT_STDFIT) = sqrt(WSSR/ndf)    : 0.0150149
variance of residuals (reduced chisquare) = WSSR/ndf   : 0.000225448

Final set of parameters            Asymptotic Standard Error
=======================            ==========================
a               = 0.0247856        +/- 0.006828     (27.55%)
b               = -0.0889095       +/- 0.05767      (64.87%)

correlation matrix of the fit parameters:
                a      b      
a               1.000 
b              -0.997  1.000 


*******************************************************************************
Mon May 13 19:46:53 2019


FIT:    data read from "tTernariaR.dat" using 1:2
        format = x:z
        #datapoints = 10
        residuals are weighted equally (unit weight)

function used for fitting: Funcion(x)
	Funcion(x) = a*log(x) + b
fitted parameters initialized with current variable values

iter      chisq       delta/lim  lambda   a             b            
   0 8.6950789629e+02  0.00e+00 6.01e+00  1.000000e+00  1.000000e+00
   5 2.1959998612e-03 -1.07e-03 6.01e-05  5.277760e-03  7.473137e-02

After 5 iterations the fit converged.
final sum of squares of residuals : 0.002196
rel. change during last iteration : -1.0723e-008

degrees of freedom    (FIT_NDF)                        : 8
rms of residuals      (FIT_STDFIT) = sqrt(WSSR/ndf)    : 0.016568
variance of residuals (reduced chisquare) = WSSR/ndf   : 0.0002745

Final set of parameters            Asymptotic Standard Error
=======================            ==========================
a               = 0.00527776       +/- 0.007534     (142.8%)
b               = 0.0747314        +/- 0.06364      (85.16%)

correlation matrix of the fit parameters:
                a      b      
a               1.000 
b              -0.997  1.000 


*******************************************************************************
Mon May 13 19:48:44 2019


FIT:    data read from "tTernariaR.dat" using 1:2
        format = x:z
        #datapoints = 10
        residuals are weighted equally (unit weight)

function used for fitting: Funcion(x)
	Funcion(x) = a*log(x) + b
fitted parameters initialized with current variable values

iter      chisq       delta/lim  lambda   a             b            
   0 8.7047746232e+02  0.00e+00 6.01e+00  1.000000e+00  1.000000e+00
   5 1.4339962311e-02 -1.31e-04 6.01e-05 -5.446023e-03  1.604172e-01

After 5 iterations the fit converged.
final sum of squares of residuals : 0.01434
rel. change during last iteration : -1.30766e-009

degrees of freedom    (FIT_NDF)                        : 8
rms of residuals      (FIT_STDFIT) = sqrt(WSSR/ndf)    : 0.0423379
variance of residuals (reduced chisquare) = WSSR/ndf   : 0.0017925

Final set of parameters            Asymptotic Standard Error
=======================            ==========================
a               = -0.00544602      +/- 0.01925      (353.5%)
b               = 0.160417         +/- 0.1626       (101.4%)

correlation matrix of the fit parameters:
                a      b      
a               1.000 
b              -0.997  1.000 


*******************************************************************************
Mon May 20 20:34:45 2019


FIT:    data read from "tSecuencialI.dat" using 1:2
        format = x:z
        #datapoints = 10
        residuals are weighted equally (unit weight)

function used for fitting: Funcion(x)
	Funcion(x) = a*x + b
fitted parameters initialized with current variable values

iter      chisq       delta/lim  lambda   a             b            
   0 3.8424666023e+08  0.00e+00 4.39e+03  1.000000e+00  1.000000e+00
   6 2.3483093296e+01 -1.41e-01 4.39e-03  9.713255e-04  1.052832e+00

After 6 iterations the fit converged.
final sum of squares of residuals : 23.4831
rel. change during last iteration : -1.40583e-006

degrees of freedom    (FIT_NDF)                        : 8
rms of residuals      (FIT_STDFIT) = sqrt(WSSR/ndf)    : 1.7133
variance of residuals (reduced chisquare) = WSSR/ndf   : 2.93539

Final set of parameters            Asymptotic Standard Error
=======================            ==========================
a               = 0.000971326      +/- 0.0001886    (19.42%)
b               = 1.05283          +/- 1.17         (111.2%)

correlation matrix of the fit parameters:
                a      b      
a               1.000 
b              -0.886  1.000 


*******************************************************************************
Mon May 20 20:35:27 2019


FIT:    data read from "tSecuencialI.dat" using 1:2
        format = x:z
        #datapoints = 10
        residuals are weighted equally (unit weight)

function used for fitting: Funcion(x)
	Funcion(x) = a*x + b
fitted parameters initialized with current variable values

iter      chisq       delta/lim  lambda   a             b            
   0 3.8429001291e+08  0.00e+00 4.39e+03  1.000000e+00  1.000000e+00
   7 2.1760107189e+01 -5.25e-06 4.39e-04  8.729286e-04  1.347107e+00

After 7 iterations the fit converged.
final sum of squares of residuals : 21.7601
rel. change during last iteration : -5.25059e-011

degrees of freedom    (FIT_NDF)                        : 8
rms of residuals      (FIT_STDFIT) = sqrt(WSSR/ndf)    : 1.64925
variance of residuals (reduced chisquare) = WSSR/ndf   : 2.72001

Final set of parameters            Asymptotic Standard Error
=======================            ==========================
a               = 0.000872929      +/- 0.0001816    (20.8%)
b               = 1.34711          +/- 1.127        (83.63%)

correlation matrix of the fit parameters:
                a      b      
a               1.000 
b              -0.886  1.000 


*******************************************************************************
Mon May 20 20:38:19 2019


FIT:    data read from "tBinariaR.dat" using 1:2
        format = x:z
        #datapoints = 10
        residuals are weighted equally (unit weight)

function used for fitting: Funcion(x)
	Funcion(x) = a*log(x) + b
fitted parameters initialized with current variable values

iter      chisq       delta/lim  lambda   a             b            
   0 8.6346418186e+02  0.00e+00 6.01e+00  1.000000e+00  1.000000e+00
   5 2.0694409660e-02 -1.16e-04 6.01e-05  9.804222e-03  6.904554e-02

After 5 iterations the fit converged.
final sum of squares of residuals : 0.0206944
rel. change during last iteration : -1.15547e-009

degrees of freedom    (FIT_NDF)                        : 8
rms of residuals      (FIT_STDFIT) = sqrt(WSSR/ndf)    : 0.0508606
variance of residuals (reduced chisquare) = WSSR/ndf   : 0.0025868

Final set of parameters            Asymptotic Standard Error
=======================            ==========================
a               = 0.00980422       +/- 0.02313      (235.9%)
b               = 0.0690455        +/- 0.1954       (282.9%)

correlation matrix of the fit parameters:
                a      b      
a               1.000 
b              -0.997  1.000 


*******************************************************************************
Mon May 20 20:39:26 2019


FIT:    data read from "tTernariaR.dat" using 1:2
        format = x:z
        #datapoints = 10
        residuals are weighted equally (unit weight)

function used for fitting: Funcion(x)
	Funcion(x) = a*log(x) + b
fitted parameters initialized with current variable values

iter      chisq       delta/lim  lambda   a             b            
   0 8.6640692851e+02  0.00e+00 6.01e+00  1.000000e+00  1.000000e+00
   5 2.7923305421e-03 -1.29e-03 6.01e-05  2.963949e-02 -1.149057e-01

After 5 iterations the fit converged.
final sum of squares of residuals : 0.00279233
rel. change during last iteration : -1.29308e-008

degrees of freedom    (FIT_NDF)                        : 8
rms of residuals      (FIT_STDFIT) = sqrt(WSSR/ndf)    : 0.0186826
variance of residuals (reduced chisquare) = WSSR/ndf   : 0.000349041

Final set of parameters            Asymptotic Standard Error
=======================            ==========================
a               = 0.0296395        +/- 0.008496     (28.66%)
b               = -0.114906        +/- 0.07176      (62.45%)

correlation matrix of the fit parameters:
                a      b      
a               1.000 
b              -0.997  1.000 


*******************************************************************************
Mon May 27 15:58:19 2019


FIT:    data read from "tSecuencialI.dat" using 1:2
        format = x:z
        #datapoints = 10
        residuals are weighted equally (unit weight)

function used for fitting: Funcion(x)
fitted parameters initialized with current variable values



 Iteration 0
 WSSR        : 3.83104e+008      delta(WSSR)/WSSR   : 0
 delta(WSSR) : 0                 limit for stopping : 1e-005
 lambda	  : 4387.48

initial set of free parameter values

a               = 1
b               = 1

After 7 iterations the fit converged.
final sum of squares of residuals : 74.5972
rel. change during last iteration : -1.73288e-011

degrees of freedom    (FIT_NDF)                        : 8
rms of residuals      (FIT_STDFIT) = sqrt(WSSR/ndf)    : 3.05363
variance of residuals (reduced chisquare) = WSSR/ndf   : 9.32465

Final set of parameters            Asymptotic Standard Error
=======================            ==========================

a               = 0.00241328       +/- 0.0003362    (13.93%)
b               = 1.36922          +/- 2.086        (152.4%)


correlation matrix of the fit parameters:

               a      b      
a               1.000 
b              -0.886  1.000 


*******************************************************************************
Mon May 27 15:59:56 2019


FIT:    data read from "tBinariaR.dat" using 1:2
        format = x:z
        #datapoints = 10
        residuals are weighted equally (unit weight)

function used for fitting: Funcion(x)
fitted parameters initialized with current variable values



 Iteration 0
 WSSR        : 591.176           delta(WSSR)/WSSR   : 0
 delta(WSSR) : 0                 limit for stopping : 1e-005
 lambda	  : 6.01455

initial set of free parameter values

a               = 1
b               = 1

After 5 iterations the fit converged.
final sum of squares of residuals : 0.451597
rel. change during last iteration : -3.05498e-012

degrees of freedom    (FIT_NDF)                        : 8
rms of residuals      (FIT_STDFIT) = sqrt(WSSR/ndf)    : 0.237591
variance of residuals (reduced chisquare) = WSSR/ndf   : 0.0564496

Final set of parameters            Asymptotic Standard Error
=======================            ==========================

a               = 0.0798346        +/- 0.108        (135.3%)
b               = 1.08696          +/- 0.9126       (83.96%)


correlation matrix of the fit parameters:

               a      b      
a               1.000 
b              -0.997  1.000 


*******************************************************************************
Mon May 27 16:08:12 2019


FIT:    data read from "tTernariaR.dat" using 1:2
        format = x:z
        #datapoints = 10
        residuals are weighted equally (unit weight)

function used for fitting: Funcion(x)
fitted parameters initialized with current variable values



 Iteration 0
 WSSR        : 593.978           delta(WSSR)/WSSR   : 0
 delta(WSSR) : 0                 limit for stopping : 1e-005
 lambda	  : 6.01455

initial set of free parameter values

a               = 1
b               = 1

After 5 iterations the fit converged.
final sum of squares of residuals : 0.273674
rel. change during last iteration : -2.81728e-010

degrees of freedom    (FIT_NDF)                        : 8
rms of residuals      (FIT_STDFIT) = sqrt(WSSR/ndf)    : 0.184958
variance of residuals (reduced chisquare) = WSSR/ndf   : 0.0342093

Final set of parameters            Asymptotic Standard Error
=======================            ==========================

a               = 0.270561         +/- 0.08411      (31.09%)
b               = -0.547948        +/- 0.7104       (129.7%)


correlation matrix of the fit parameters:

               a      b      
a               1.000 
b              -0.997  1.000 


*******************************************************************************
Mon May 27 16:11:07 2019


FIT:    data read from "tSecuencialI.dat" using 1:2
        format = x:z
        #datapoints = 10
        residuals are weighted equally (unit weight)

function used for fitting: Funcion(x)
fitted parameters initialized with current variable values



 Iteration 0
 WSSR        : 3.83164e+008      delta(WSSR)/WSSR   : 0
 delta(WSSR) : 0                 limit for stopping : 1e-005
 lambda	  : 4387.48

initial set of free parameter values

a               = 1
b               = 1

After 7 iterations the fit converged.
final sum of squares of residuals : 62.3176
rel. change during last iteration : -2.09714e-010

degrees of freedom    (FIT_NDF)                        : 8
rms of residuals      (FIT_STDFIT) = sqrt(WSSR/ndf)    : 2.791
variance of residuals (reduced chisquare) = WSSR/ndf   : 7.7897

Final set of parameters            Asymptotic Standard Error
=======================            ==========================

a               = 0.00222023       +/- 0.0003073    (13.84%)
b               = 2.17428          +/- 1.907        (87.69%)


correlation matrix of the fit parameters:

               a      b      
a               1.000 
b              -0.886  1.000 


*******************************************************************************
Mon May 27 20:23:35 2019


FIT:    data read from "tQuicksort.dat" using 1:2
        format = x:z
        #datapoints = 10
        residuals are weighted equally (unit weight)

function used for fitting: Funcion(x)
	Funcion(x) = a*x*log(x)+b
fitted parameters initialized with current variable values

iter      chisq       delta/lim  lambda   a             b            
   0 1.6924485705e+08  0.00e+00 2.91e+03  1.000000e+00  1.000000e+00
   7 6.3933675062e-02 -3.27e-04 2.91e-04  1.523995e-04 -1.010876e-01

After 7 iterations the fit converged.
final sum of squares of residuals : 0.0639337
rel. change during last iteration : -3.27491e-009

degrees of freedom    (FIT_NDF)                        : 8
rms of residuals      (FIT_STDFIT) = sqrt(WSSR/ndf)    : 0.0893964
variance of residuals (reduced chisquare) = WSSR/ndf   : 0.00799171

Final set of parameters            Asymptotic Standard Error
=======================            ==========================
a               = 0.0001524        +/- 1.364e-005   (8.952%)
b               = -0.101088        +/- 0.05612      (55.52%)

correlation matrix of the fit parameters:
                a      b      
a               1.000 
b              -0.864  1.000 


*******************************************************************************
Mon May 27 20:25:10 2019


FIT:    data read from "tQuicksort.dat" using 1:2
        format = x:z
        #datapoints = 10
        residuals are weighted equally (unit weight)

function used for fitting: Funcion(x)
	Funcion(x) = a*x*log(x)+b
fitted parameters initialized with current variable values

iter      chisq       delta/lim  lambda   a             b            
   0 1.6924485497e+08  0.00e+00 2.91e+03  1.000000e+00  1.000000e+00
   7 6.5325753706e-02 -3.08e-04 2.91e-04  1.479089e-04 -7.967653e-02

After 7 iterations the fit converged.
final sum of squares of residuals : 0.0653258
rel. change during last iteration : -3.08166e-009

degrees of freedom    (FIT_NDF)                        : 8
rms of residuals      (FIT_STDFIT) = sqrt(WSSR/ndf)    : 0.0903644
variance of residuals (reduced chisquare) = WSSR/ndf   : 0.00816572

Final set of parameters            Asymptotic Standard Error
=======================            ==========================
a               = 0.000147909      +/- 1.379e-005   (9.324%)
b               = -0.0796765       +/- 0.05673      (71.2%)

correlation matrix of the fit parameters:
                a      b      
a               1.000 
b              -0.864  1.000 


*******************************************************************************
Fri May 31 15:51:56 2019


FIT:    data read from "tQuicksort.dat" using 1:2
        format = x:z
        #datapoints = 10
        residuals are weighted equally (unit weight)

function used for fitting: Funcion(x)
fitted parameters initialized with current variable values



 Iteration 0
 WSSR        : 1.69175e+008      delta(WSSR)/WSSR   : 0
 delta(WSSR) : 0                 limit for stopping : 1e-005
 lambda	  : 2908.76

initial set of free parameter values

a               = 1
b               = 1

After 7 iterations the fit converged.
final sum of squares of residuals : 0.367622
rel. change during last iteration : -8.33389e-010

degrees of freedom    (FIT_NDF)                        : 8
rms of residuals      (FIT_STDFIT) = sqrt(WSSR/ndf)    : 0.214366
variance of residuals (reduced chisquare) = WSSR/ndf   : 0.0459528

Final set of parameters            Asymptotic Standard Error
=======================            ==========================

a               = 0.000406955      +/- 3.272e-005   (8.039%)
b               = -0.331888        +/- 0.1346       (40.55%)


correlation matrix of the fit parameters:

               a      b      
a               1.000 
b              -0.864  1.000 


*******************************************************************************
Fri May 31 15:53:30 2019


FIT:    data read from "tQuicksort.dat" using 1:2
        format = x:z
        #datapoints = 10
        residuals are weighted equally (unit weight)

function used for fitting: Funcion(x)
fitted parameters initialized with current variable values



 Iteration 0
 WSSR        : 1.69175e+008      delta(WSSR)/WSSR   : 0
 delta(WSSR) : 0                 limit for stopping : 1e-005
 lambda	  : 2908.76

initial set of free parameter values

a               = 1
b               = 1

After 7 iterations the fit converged.
final sum of squares of residuals : 0.373035
rel. change during last iteration : -8.08084e-010

degrees of freedom    (FIT_NDF)                        : 8
rms of residuals      (FIT_STDFIT) = sqrt(WSSR/ndf)    : 0.215938
variance of residuals (reduced chisquare) = WSSR/ndf   : 0.0466293

Final set of parameters            Asymptotic Standard Error
=======================            ==========================

a               = 0.000405816      +/- 3.296e-005   (8.121%)
b               = -0.321132        +/- 0.1356       (42.22%)


correlation matrix of the fit parameters:

               a      b      
a               1.000 
b              -0.864  1.000 
